2024-10-27 16:48:01,896 - MainThread - sqlmesh.core.config.connection - INFO - Creating new DuckDB adapter for data files: {'db.db'} (connection.py:322)
2024-10-27 16:48:03,005 - MainThread - sqlmesh.core.config.connection - INFO - Creating new DuckDB adapter for in-memory database (connection.py:324)
2024-10-27 16:48:03,124 - MainThread - sqlmesh.core.config.connection - INFO - Using existing DuckDB adapter due to overlapping data file: db.db (connection.py:318)
2024-10-27 16:48:46,013 - MainThread - sqlmesh.core.snapshot.evaluator - INFO - Listing data objects in schema db.sqlmesh__sqlmesh_example (evaluator.py:273)
2024-10-27 16:48:46,014 - MainThread - sqlmesh.core.engine_adapter.base - INFO - Executing SQL: SELECT CURRENT_CATALOG() (base.py:2022)
2024-10-27 16:48:46,016 - MainThread - sqlmesh.core.engine_adapter.base - INFO - Executing SQL: SELECT CURRENT_CATALOG() (base.py:2022)
2024-10-27 16:48:46,020 - MainThread - sqlmesh.core.engine_adapter.base - INFO - Executing SQL: SELECT table_name AS name, table_schema AS schema, CASE table_type WHEN 'BASE TABLE' THEN 'table' WHEN 'VIEW' THEN 'view' WHEN 'LOCAL TEMPORARY' THEN 'table' END AS type FROM information_schema.tables WHERE (table_catalog = 'db' AND table_schema = 'sqlmesh__sqlmesh_example') AND table_name IN ('sqlmesh_example__full_model__3438509882__temp', 'sqlmesh_example__seed_model__3637577337', 'sqlmesh_example__seed_model__3637577337__temp', 'sqlmesh_example__incremental_model__4079113854', 'sqlmesh_example__full_model__3438509882', 'sqlmesh_example__incremental_model__4079113854__temp') (base.py:2022)
2024-10-27 16:48:46,103 - MainThread - sqlmesh.core.snapshot.evaluator - INFO - Creating schema 'db.sqlmesh__sqlmesh_example' (evaluator.py:898)
2024-10-27 16:48:46,103 - MainThread - sqlmesh.core.engine_adapter.base - INFO - Executing SQL: CREATE SCHEMA IF NOT EXISTS "db"."sqlmesh__sqlmesh_example" (base.py:2022)
2024-10-27 16:48:46,105 - MainThread - sqlmesh.core.snapshot.evaluator - INFO - Creating table 'db.sqlmesh__sqlmesh_example.sqlmesh_example__seed_model__3637577337' (evaluator.py:1188)
2024-10-27 16:48:46,106 - MainThread - sqlmesh.core.engine_adapter.base - INFO - Executing SQL: CREATE TABLE IF NOT EXISTS "db"."sqlmesh__sqlmesh_example"."sqlmesh_example__seed_model__3637577337" ("id" INT, "item_id" INT, "event_date" DATE) (base.py:2022)
2024-10-27 16:48:46,169 - MainThread - sqlmesh.core.engine_adapter.base - INFO - Executing SQL: CREATE OR REPLACE TABLE "db"."sqlmesh__sqlmesh_example"."sqlmesh_example__seed_model__3637577337" AS SELECT CAST("id" AS INT) AS "id", CAST("item_id" AS INT) AS "item_id", CAST("event_date" AS DATE) AS "event_date" FROM (SELECT "id", "item_id", "event_date" FROM "db"."sqlmesh__sqlmesh_example"."__temp_sqlmesh_example__seed_model__3637577337_zmusn99s") AS "_subquery" (base.py:2022)
2024-10-27 16:48:46,172 - MainThread - sqlmesh.core.engine_adapter.base - INFO - Executing SQL: DROP TABLE IF EXISTS "db"."sqlmesh__sqlmesh_example"."__temp_sqlmesh_example__seed_model__3637577337_zmusn99s" (base.py:2022)
2024-10-27 16:48:46,193 - MainThread - sqlmesh.core.snapshot.evaluator - INFO - Creating table 'db.sqlmesh__sqlmesh_example.sqlmesh_example__incremental_model__4079113854' (evaluator.py:1188)
2024-10-27 16:48:46,195 - MainThread - sqlmesh.core.engine_adapter.base - INFO - Executing SQL: CREATE TABLE IF NOT EXISTS "db"."sqlmesh__sqlmesh_example"."sqlmesh_example__incremental_model__4079113854" ("id" INT, "item_id" INT, "event_date" DATE, "new_col" TEXT) (base.py:2022)
2024-10-27 16:48:46,196 - MainThread - sqlmesh.core.snapshot.evaluator - INFO - Dry running model 'sqlmesh_example.incremental_model' (evaluator.py:1210)
2024-10-27 16:48:46,197 - MainThread - sqlmesh.core.engine_adapter.base - INFO - Executing SQL: SELECT "seed_model"."id" AS "id", "seed_model"."item_id" AS "item_id", "seed_model"."event_date" AS "event_date", 'z' AS "new_col" FROM "db"."sqlmesh__sqlmesh_example"."sqlmesh_example__seed_model__3637577337" AS "seed_model" WHERE ("seed_model"."event_date" <= CAST('1970-01-01' AS DATE) AND "seed_model"."event_date" >= CAST('1970-01-01' AS DATE)) AND FALSE LIMIT 0 (base.py:2022)
2024-10-27 16:48:46,215 - MainThread - sqlmesh.core.snapshot.evaluator - INFO - Creating table 'db.sqlmesh__sqlmesh_example.sqlmesh_example__full_model__3438509882__temp' (evaluator.py:1188)
2024-10-27 16:48:46,216 - MainThread - sqlmesh.core.engine_adapter.base - INFO - Executing SQL: CREATE TABLE IF NOT EXISTS "db"."sqlmesh__sqlmesh_example"."sqlmesh_example__full_model__3438509882__temp" ("item_id" INT, "num_orders" BIGINT) (base.py:2022)
2024-10-27 16:48:46,219 - MainThread - sqlmesh.core.snapshot.evaluator - INFO - Dry running model 'sqlmesh_example.full_model' (evaluator.py:1210)
2024-10-27 16:48:46,220 - MainThread - sqlmesh.core.engine_adapter.base - INFO - Executing SQL: SELECT "incremental_model"."item_id" AS "item_id", COUNT(DISTINCT "incremental_model"."id") AS "num_orders" FROM "db"."sqlmesh__sqlmesh_example"."sqlmesh_example__incremental_model__4079113854" AS "incremental_model" WHERE FALSE GROUP BY "incremental_model"."item_id" LIMIT 0 (base.py:2022)
2024-10-27 16:48:46,288 - MainThread - sqlmesh.core.snapshot.evaluator - INFO - Evaluating snapshot SnapshotId<"db"."sqlmesh_example"."incremental_model": 3974465063> (evaluator.py:487)
2024-10-27 16:48:46,302 - MainThread - sqlmesh.core.snapshot.evaluator - INFO - Inserting batch (2020-01-01 00:00:00+00:00, 2024-10-27 00:00:00+00:00) into db.sqlmesh__sqlmesh_example.sqlmesh_example__incremental_model__4079113854' (evaluator.py:517)
2024-10-27 16:48:46,304 - MainThread - sqlmesh.core.engine_adapter.base - INFO - Executing SQL: DELETE FROM "db"."sqlmesh__sqlmesh_example"."sqlmesh_example__incremental_model__4079113854" WHERE "event_date" BETWEEN CAST('2020-01-01' AS DATE) AND CAST('2024-10-26' AS DATE) (base.py:2022)
2024-10-27 16:48:46,310 - MainThread - sqlmesh.core.engine_adapter.base - INFO - Executing SQL: INSERT INTO "db"."sqlmesh__sqlmesh_example"."sqlmesh_example__incremental_model__4079113854" ("id", "item_id", "event_date", "new_col") SELECT "id", "item_id", "event_date", "new_col" FROM (SELECT "seed_model"."id" AS "id", "seed_model"."item_id" AS "item_id", "seed_model"."event_date" AS "event_date", 'z' AS "new_col" FROM "db"."sqlmesh__sqlmesh_example"."sqlmesh_example__seed_model__3637577337" AS "seed_model" WHERE "seed_model"."event_date" <= CAST('2024-10-26' AS DATE) AND "seed_model"."event_date" >= CAST('2020-01-01' AS DATE)) AS "_subquery" WHERE "event_date" BETWEEN CAST('2020-01-01' AS DATE) AND CAST('2024-10-26' AS DATE) (base.py:2022)
2024-10-27 16:48:46,312 - MainThread - sqlmesh.core.state_sync.engine_adapter - INFO - Adding interval (1577836800000, 1729987200000) for snapshot SnapshotId<"db"."sqlmesh_example"."incremental_model": 3974465063> (engine_adapter.py:926)
2024-10-27 16:48:46,338 - MainThread - sqlmesh.core.state_sync.engine_adapter - INFO - Promoting environment 'dev' (engine_adapter.py:259)
2024-10-27 16:48:46,369 - MainThread - sqlmesh.core.snapshot.evaluator - INFO - Creating schema 'db.sqlmesh_example__dev' (evaluator.py:898)
2024-10-27 16:48:46,370 - MainThread - sqlmesh.core.engine_adapter.base - INFO - Executing SQL: CREATE SCHEMA IF NOT EXISTS "db"."sqlmesh_example__dev" (base.py:2022)
2024-10-27 16:48:46,372 - MainThread - sqlmesh.core.snapshot.evaluator - INFO - Updating view 'db.sqlmesh_example__dev.incremental_model' to point at table 'db.sqlmesh__sqlmesh_example.sqlmesh_example__incremental_model__4079113854' (evaluator.py:1154)
2024-10-27 16:48:46,373 - MainThread - sqlmesh.core.engine_adapter.base - INFO - Executing SQL: CREATE OR REPLACE VIEW "db"."sqlmesh_example__dev"."incremental_model" AS SELECT * FROM "db"."sqlmesh__sqlmesh_example"."sqlmesh_example__incremental_model__4079113854" (base.py:2022)
2024-10-27 16:48:46,377 - MainThread - sqlmesh.core.snapshot.evaluator - INFO - Updating view 'db.sqlmesh_example__dev.full_model' to point at table 'db.sqlmesh__sqlmesh_example.sqlmesh_example__full_model__3438509882' (evaluator.py:1154)
2024-10-27 16:48:46,378 - MainThread - sqlmesh.core.engine_adapter.base - INFO - Executing SQL: CREATE OR REPLACE VIEW "db"."sqlmesh_example__dev"."full_model" AS SELECT * FROM "db"."sqlmesh__sqlmesh_example"."sqlmesh_example__full_model__3438509882" (base.py:2022)
2024-10-27 16:48:46,382 - MainThread - sqlmesh.core.state_sync.engine_adapter - INFO - Finalizing environment 'dev' (engine_adapter.py:380)
2024-10-27 16:48:46,447 - MainThread - root - INFO - Shutting down the event dispatcher (dispatcher.py:159)
