2024-10-27 16:46:17,709 - MainThread - sqlmesh.core.config.connection - INFO - Creating new DuckDB adapter for data files: {'db.db'} (connection.py:322)
2024-10-27 16:46:20,863 - MainThread - sqlmesh.core.config.connection - INFO - Creating new DuckDB adapter for in-memory database (connection.py:324)
2024-10-27 16:46:21,041 - MainThread - sqlmesh.core.config.connection - INFO - Using existing DuckDB adapter due to overlapping data file: db.db (connection.py:318)
2024-10-27 16:46:21,158 - MainThread - sqlmesh.core.state_sync.engine_adapter - INFO - Applying migration <module 'sqlmesh.migrations.v0001_init' from '/Users/juan/Documents/uyv/sqlmesh-uyv/.venv/lib/python3.12/site-packages/sqlmesh/migrations/v0001_init.py'> (engine_adapter.py:1307)
2024-10-27 16:46:21,184 - MainThread - sqlmesh.core.state_sync.engine_adapter - INFO - Applying migration <module 'sqlmesh.migrations.v0002_remove_identify' from '/Users/juan/Documents/uyv/sqlmesh-uyv/.venv/lib/python3.12/site-packages/sqlmesh/migrations/v0002_remove_identify.py'> (engine_adapter.py:1307)
2024-10-27 16:46:21,184 - MainThread - sqlmesh.core.state_sync.engine_adapter - INFO - Applying migration <module 'sqlmesh.migrations.v0003_move_batch_size' from '/Users/juan/Documents/uyv/sqlmesh-uyv/.venv/lib/python3.12/site-packages/sqlmesh/migrations/v0003_move_batch_size.py'> (engine_adapter.py:1307)
2024-10-27 16:46:21,195 - MainThread - sqlmesh.core.state_sync.engine_adapter - INFO - Applying migration <module 'sqlmesh.migrations.v0004_environmnent_add_finalized_at' from '/Users/juan/Documents/uyv/sqlmesh-uyv/.venv/lib/python3.12/site-packages/sqlmesh/migrations/v0004_environmnent_add_finalized_at.py'> (engine_adapter.py:1307)
2024-10-27 16:46:21,202 - MainThread - sqlmesh.core.state_sync.engine_adapter - INFO - Applying migration <module 'sqlmesh.migrations.v0005_create_seed_table' from '/Users/juan/Documents/uyv/sqlmesh-uyv/.venv/lib/python3.12/site-packages/sqlmesh/migrations/v0005_create_seed_table.py'> (engine_adapter.py:1307)
2024-10-27 16:46:21,204 - MainThread - sqlmesh.core.state_sync.engine_adapter - INFO - Applying migration <module 'sqlmesh.migrations.v0006_change_seed_hash' from '/Users/juan/Documents/uyv/sqlmesh-uyv/.venv/lib/python3.12/site-packages/sqlmesh/migrations/v0006_change_seed_hash.py'> (engine_adapter.py:1307)
2024-10-27 16:46:21,204 - MainThread - sqlmesh.core.state_sync.engine_adapter - INFO - Applying migration <module 'sqlmesh.migrations.v0007_env_table_info_to_kind' from '/Users/juan/Documents/uyv/sqlmesh-uyv/.venv/lib/python3.12/site-packages/sqlmesh/migrations/v0007_env_table_info_to_kind.py'> (engine_adapter.py:1307)
2024-10-27 16:46:21,207 - MainThread - sqlmesh.core.state_sync.engine_adapter - INFO - Applying migration <module 'sqlmesh.migrations.v0008_create_intervals_table' from '/Users/juan/Documents/uyv/sqlmesh-uyv/.venv/lib/python3.12/site-packages/sqlmesh/migrations/v0008_create_intervals_table.py'> (engine_adapter.py:1307)
2024-10-27 16:46:21,211 - MainThread - sqlmesh.core.state_sync.engine_adapter - INFO - Applying migration <module 'sqlmesh.migrations.v0009_remove_pre_post_hooks' from '/Users/juan/Documents/uyv/sqlmesh-uyv/.venv/lib/python3.12/site-packages/sqlmesh/migrations/v0009_remove_pre_post_hooks.py'> (engine_adapter.py:1307)
2024-10-27 16:46:21,212 - MainThread - sqlmesh.core.state_sync.engine_adapter - INFO - Applying migration <module 'sqlmesh.migrations.v0010_seed_hash_batch_size' from '/Users/juan/Documents/uyv/sqlmesh-uyv/.venv/lib/python3.12/site-packages/sqlmesh/migrations/v0010_seed_hash_batch_size.py'> (engine_adapter.py:1307)
2024-10-27 16:46:21,212 - MainThread - sqlmesh.core.state_sync.engine_adapter - INFO - Applying migration <module 'sqlmesh.migrations.v0011_add_model_kind_name' from '/Users/juan/Documents/uyv/sqlmesh-uyv/.venv/lib/python3.12/site-packages/sqlmesh/migrations/v0011_add_model_kind_name.py'> (engine_adapter.py:1307)
2024-10-27 16:46:21,215 - MainThread - sqlmesh.core.state_sync.engine_adapter - INFO - Applying migration <module 'sqlmesh.migrations.v0012_update_jinja_expressions' from '/Users/juan/Documents/uyv/sqlmesh-uyv/.venv/lib/python3.12/site-packages/sqlmesh/migrations/v0012_update_jinja_expressions.py'> (engine_adapter.py:1307)
2024-10-27 16:46:21,217 - MainThread - sqlmesh.core.state_sync.engine_adapter - INFO - Applying migration <module 'sqlmesh.migrations.v0013_serde_using_model_dialects' from '/Users/juan/Documents/uyv/sqlmesh-uyv/.venv/lib/python3.12/site-packages/sqlmesh/migrations/v0013_serde_using_model_dialects.py'> (engine_adapter.py:1307)
2024-10-27 16:46:21,219 - MainThread - sqlmesh.core.state_sync.engine_adapter - INFO - Applying migration <module 'sqlmesh.migrations.v0014_fix_dev_intervals' from '/Users/juan/Documents/uyv/sqlmesh-uyv/.venv/lib/python3.12/site-packages/sqlmesh/migrations/v0014_fix_dev_intervals.py'> (engine_adapter.py:1307)
2024-10-27 16:46:21,230 - MainThread - sqlmesh.core.state_sync.engine_adapter - INFO - Applying migration <module 'sqlmesh.migrations.v0015_environment_add_promoted_snapshot_ids' from '/Users/juan/Documents/uyv/sqlmesh-uyv/.venv/lib/python3.12/site-packages/sqlmesh/migrations/v0015_environment_add_promoted_snapshot_ids.py'> (engine_adapter.py:1307)
2024-10-27 16:46:21,231 - MainThread - sqlmesh.core.state_sync.engine_adapter - INFO - Applying migration <module 'sqlmesh.migrations.v0016_fix_windows_path' from '/Users/juan/Documents/uyv/sqlmesh-uyv/.venv/lib/python3.12/site-packages/sqlmesh/migrations/v0016_fix_windows_path.py'> (engine_adapter.py:1307)
2024-10-27 16:46:21,233 - MainThread - sqlmesh.core.state_sync.engine_adapter - INFO - Applying migration <module 'sqlmesh.migrations.v0017_fix_windows_seed_path' from '/Users/juan/Documents/uyv/sqlmesh-uyv/.venv/lib/python3.12/site-packages/sqlmesh/migrations/v0017_fix_windows_seed_path.py'> (engine_adapter.py:1307)
2024-10-27 16:46:21,235 - MainThread - sqlmesh.core.state_sync.engine_adapter - INFO - Applying migration <module 'sqlmesh.migrations.v0018_rename_snapshot_model_to_node' from '/Users/juan/Documents/uyv/sqlmesh-uyv/.venv/lib/python3.12/site-packages/sqlmesh/migrations/v0018_rename_snapshot_model_to_node.py'> (engine_adapter.py:1307)
2024-10-27 16:46:21,236 - MainThread - sqlmesh.core.state_sync.engine_adapter - INFO - Applying migration <module 'sqlmesh.migrations.v0019_add_env_suffix_target' from '/Users/juan/Documents/uyv/sqlmesh-uyv/.venv/lib/python3.12/site-packages/sqlmesh/migrations/v0019_add_env_suffix_target.py'> (engine_adapter.py:1307)
2024-10-27 16:46:21,239 - MainThread - sqlmesh.core.state_sync.engine_adapter - INFO - Applying migration <module 'sqlmesh.migrations.v0020_remove_redundant_attributes_from_dbt_models' from '/Users/juan/Documents/uyv/sqlmesh-uyv/.venv/lib/python3.12/site-packages/sqlmesh/migrations/v0020_remove_redundant_attributes_from_dbt_models.py'> (engine_adapter.py:1307)
2024-10-27 16:46:21,241 - MainThread - sqlmesh.core.state_sync.engine_adapter - INFO - Applying migration <module 'sqlmesh.migrations.v0021_fix_table_properties' from '/Users/juan/Documents/uyv/sqlmesh-uyv/.venv/lib/python3.12/site-packages/sqlmesh/migrations/v0021_fix_table_properties.py'> (engine_adapter.py:1307)
2024-10-27 16:46:21,242 - MainThread - sqlmesh.core.state_sync.engine_adapter - INFO - Applying migration <module 'sqlmesh.migrations.v0022_move_project_to_model' from '/Users/juan/Documents/uyv/sqlmesh-uyv/.venv/lib/python3.12/site-packages/sqlmesh/migrations/v0022_move_project_to_model.py'> (engine_adapter.py:1307)
2024-10-27 16:46:21,246 - MainThread - sqlmesh.core.state_sync.engine_adapter - INFO - Applying migration <module 'sqlmesh.migrations.v0023_fix_added_models_with_forward_only_parents' from '/Users/juan/Documents/uyv/sqlmesh-uyv/.venv/lib/python3.12/site-packages/sqlmesh/migrations/v0023_fix_added_models_with_forward_only_parents.py'> (engine_adapter.py:1307)
2024-10-27 16:46:21,248 - MainThread - sqlmesh.core.state_sync.engine_adapter - INFO - Applying migration <module 'sqlmesh.migrations.v0024_replace_model_kind_name_enum_with_value' from '/Users/juan/Documents/uyv/sqlmesh-uyv/.venv/lib/python3.12/site-packages/sqlmesh/migrations/v0024_replace_model_kind_name_enum_with_value.py'> (engine_adapter.py:1307)
2024-10-27 16:46:21,250 - MainThread - sqlmesh.core.state_sync.engine_adapter - INFO - Applying migration <module 'sqlmesh.migrations.v0025_fix_intervals_and_missing_change_category' from '/Users/juan/Documents/uyv/sqlmesh-uyv/.venv/lib/python3.12/site-packages/sqlmesh/migrations/v0025_fix_intervals_and_missing_change_category.py'> (engine_adapter.py:1307)
2024-10-27 16:46:21,252 - MainThread - sqlmesh.core.state_sync.engine_adapter - INFO - Applying migration <module 'sqlmesh.migrations.v0026_remove_dialect_from_seed' from '/Users/juan/Documents/uyv/sqlmesh-uyv/.venv/lib/python3.12/site-packages/sqlmesh/migrations/v0026_remove_dialect_from_seed.py'> (engine_adapter.py:1307)
2024-10-27 16:46:21,254 - MainThread - sqlmesh.core.state_sync.engine_adapter - INFO - Applying migration <module 'sqlmesh.migrations.v0027_minute_interval_to_five' from '/Users/juan/Documents/uyv/sqlmesh-uyv/.venv/lib/python3.12/site-packages/sqlmesh/migrations/v0027_minute_interval_to_five.py'> (engine_adapter.py:1307)
2024-10-27 16:46:21,255 - MainThread - sqlmesh.core.state_sync.engine_adapter - INFO - Applying migration <module 'sqlmesh.migrations.v0028_add_plan_dags_table' from '/Users/juan/Documents/uyv/sqlmesh-uyv/.venv/lib/python3.12/site-packages/sqlmesh/migrations/v0028_add_plan_dags_table.py'> (engine_adapter.py:1307)
2024-10-27 16:46:21,258 - MainThread - sqlmesh.core.state_sync.engine_adapter - INFO - Applying migration <module 'sqlmesh.migrations.v0029_generate_schema_types_using_dialect' from '/Users/juan/Documents/uyv/sqlmesh-uyv/.venv/lib/python3.12/site-packages/sqlmesh/migrations/v0029_generate_schema_types_using_dialect.py'> (engine_adapter.py:1307)
2024-10-27 16:46:21,259 - MainThread - sqlmesh.core.state_sync.engine_adapter - INFO - Applying migration <module 'sqlmesh.migrations.v0030_update_unrestorable_snapshots' from '/Users/juan/Documents/uyv/sqlmesh-uyv/.venv/lib/python3.12/site-packages/sqlmesh/migrations/v0030_update_unrestorable_snapshots.py'> (engine_adapter.py:1307)
2024-10-27 16:46:21,261 - MainThread - sqlmesh.core.state_sync.engine_adapter - INFO - Applying migration <module 'sqlmesh.migrations.v0031_remove_dbt_target_fields' from '/Users/juan/Documents/uyv/sqlmesh-uyv/.venv/lib/python3.12/site-packages/sqlmesh/migrations/v0031_remove_dbt_target_fields.py'> (engine_adapter.py:1307)
2024-10-27 16:46:21,262 - MainThread - sqlmesh.core.state_sync.engine_adapter - INFO - Applying migration <module 'sqlmesh.migrations.v0032_add_sqlmesh_version' from '/Users/juan/Documents/uyv/sqlmesh-uyv/.venv/lib/python3.12/site-packages/sqlmesh/migrations/v0032_add_sqlmesh_version.py'> (engine_adapter.py:1307)
2024-10-27 16:46:21,264 - MainThread - sqlmesh.core.state_sync.engine_adapter - INFO - Applying migration <module 'sqlmesh.migrations.v0033_mysql_fix_blob_text_type' from '/Users/juan/Documents/uyv/sqlmesh-uyv/.venv/lib/python3.12/site-packages/sqlmesh/migrations/v0033_mysql_fix_blob_text_type.py'> (engine_adapter.py:1307)
2024-10-27 16:46:21,264 - MainThread - sqlmesh.core.state_sync.engine_adapter - INFO - Applying migration <module 'sqlmesh.migrations.v0034_add_default_catalog' from '/Users/juan/Documents/uyv/sqlmesh-uyv/.venv/lib/python3.12/site-packages/sqlmesh/migrations/v0034_add_default_catalog.py'> (engine_adapter.py:1307)
2024-10-27 16:46:21,270 - MainThread - sqlmesh.core.state_sync.engine_adapter - INFO - Applying migration <module 'sqlmesh.migrations.v0035_add_catalog_name_override' from '/Users/juan/Documents/uyv/sqlmesh-uyv/.venv/lib/python3.12/site-packages/sqlmesh/migrations/v0035_add_catalog_name_override.py'> (engine_adapter.py:1307)
2024-10-27 16:46:21,272 - MainThread - sqlmesh.core.state_sync.engine_adapter - INFO - Applying migration <module 'sqlmesh.migrations.v0036_delete_plan_dags_bug_fix' from '/Users/juan/Documents/uyv/sqlmesh-uyv/.venv/lib/python3.12/site-packages/sqlmesh/migrations/v0036_delete_plan_dags_bug_fix.py'> (engine_adapter.py:1307)
2024-10-27 16:46:21,273 - MainThread - sqlmesh.core.state_sync.engine_adapter - INFO - Applying migration <module 'sqlmesh.migrations.v0037_remove_dbt_is_incremental_macro' from '/Users/juan/Documents/uyv/sqlmesh-uyv/.venv/lib/python3.12/site-packages/sqlmesh/migrations/v0037_remove_dbt_is_incremental_macro.py'> (engine_adapter.py:1307)
2024-10-27 16:46:21,275 - MainThread - sqlmesh.core.state_sync.engine_adapter - INFO - Applying migration <module 'sqlmesh.migrations.v0038_add_expiration_ts_to_snapshot' from '/Users/juan/Documents/uyv/sqlmesh-uyv/.venv/lib/python3.12/site-packages/sqlmesh/migrations/v0038_add_expiration_ts_to_snapshot.py'> (engine_adapter.py:1307)
2024-10-27 16:46:21,278 - MainThread - sqlmesh.core.state_sync.engine_adapter - INFO - Applying migration <module 'sqlmesh.migrations.v0039_include_environment_in_plan_dag_spec' from '/Users/juan/Documents/uyv/sqlmesh-uyv/.venv/lib/python3.12/site-packages/sqlmesh/migrations/v0039_include_environment_in_plan_dag_spec.py'> (engine_adapter.py:1307)
2024-10-27 16:46:21,279 - MainThread - sqlmesh.core.state_sync.engine_adapter - INFO - Applying migration <module 'sqlmesh.migrations.v0040_add_previous_finalized_snapshots' from '/Users/juan/Documents/uyv/sqlmesh-uyv/.venv/lib/python3.12/site-packages/sqlmesh/migrations/v0040_add_previous_finalized_snapshots.py'> (engine_adapter.py:1307)
2024-10-27 16:46:21,281 - MainThread - sqlmesh.core.state_sync.engine_adapter - INFO - Applying migration <module 'sqlmesh.migrations.v0041_remove_hash_raw_query_attribute' from '/Users/juan/Documents/uyv/sqlmesh-uyv/.venv/lib/python3.12/site-packages/sqlmesh/migrations/v0041_remove_hash_raw_query_attribute.py'> (engine_adapter.py:1307)
2024-10-27 16:46:21,283 - MainThread - sqlmesh.core.state_sync.engine_adapter - INFO - Applying migration <module 'sqlmesh.migrations.v0042_trim_indirect_versions' from '/Users/juan/Documents/uyv/sqlmesh-uyv/.venv/lib/python3.12/site-packages/sqlmesh/migrations/v0042_trim_indirect_versions.py'> (engine_adapter.py:1307)
2024-10-27 16:46:21,284 - MainThread - sqlmesh.core.state_sync.engine_adapter - INFO - Applying migration <module 'sqlmesh.migrations.v0043_fix_remove_obsolete_attributes_in_plan_dags' from '/Users/juan/Documents/uyv/sqlmesh-uyv/.venv/lib/python3.12/site-packages/sqlmesh/migrations/v0043_fix_remove_obsolete_attributes_in_plan_dags.py'> (engine_adapter.py:1307)
2024-10-27 16:46:21,286 - MainThread - sqlmesh.core.state_sync.engine_adapter - INFO - Applying migration <module 'sqlmesh.migrations.v0044_quote_identifiers_in_model_attributes' from '/Users/juan/Documents/uyv/sqlmesh-uyv/.venv/lib/python3.12/site-packages/sqlmesh/migrations/v0044_quote_identifiers_in_model_attributes.py'> (engine_adapter.py:1307)
2024-10-27 16:46:21,286 - MainThread - sqlmesh.core.state_sync.engine_adapter - INFO - Applying migration <module 'sqlmesh.migrations.v0045_move_gateway_variable' from '/Users/juan/Documents/uyv/sqlmesh-uyv/.venv/lib/python3.12/site-packages/sqlmesh/migrations/v0045_move_gateway_variable.py'> (engine_adapter.py:1307)
2024-10-27 16:46:21,287 - MainThread - sqlmesh.core.state_sync.engine_adapter - INFO - Applying migration <module 'sqlmesh.migrations.v0046_add_batch_concurrency' from '/Users/juan/Documents/uyv/sqlmesh-uyv/.venv/lib/python3.12/site-packages/sqlmesh/migrations/v0046_add_batch_concurrency.py'> (engine_adapter.py:1307)
2024-10-27 16:46:21,287 - MainThread - sqlmesh.core.state_sync.engine_adapter - INFO - Applying migration <module 'sqlmesh.migrations.v0047_change_scd_string_to_column' from '/Users/juan/Documents/uyv/sqlmesh-uyv/.venv/lib/python3.12/site-packages/sqlmesh/migrations/v0047_change_scd_string_to_column.py'> (engine_adapter.py:1307)
2024-10-27 16:46:21,287 - MainThread - sqlmesh.core.state_sync.engine_adapter - INFO - Applying migration <module 'sqlmesh.migrations.v0048_drop_indirect_versions' from '/Users/juan/Documents/uyv/sqlmesh-uyv/.venv/lib/python3.12/site-packages/sqlmesh/migrations/v0048_drop_indirect_versions.py'> (engine_adapter.py:1307)
2024-10-27 16:46:21,289 - MainThread - sqlmesh.core.state_sync.engine_adapter - INFO - Applying migration <module 'sqlmesh.migrations.v0049_replace_identifier_with_version_in_seeds_table' from '/Users/juan/Documents/uyv/sqlmesh-uyv/.venv/lib/python3.12/site-packages/sqlmesh/migrations/v0049_replace_identifier_with_version_in_seeds_table.py'> (engine_adapter.py:1307)
2024-10-27 16:46:21,319 - MainThread - sqlmesh.core.state_sync.engine_adapter - INFO - Applying migration <module 'sqlmesh.migrations.v0050_drop_seeds_table' from '/Users/juan/Documents/uyv/sqlmesh-uyv/.venv/lib/python3.12/site-packages/sqlmesh/migrations/v0050_drop_seeds_table.py'> (engine_adapter.py:1307)
2024-10-27 16:46:21,320 - MainThread - sqlmesh.core.state_sync.engine_adapter - INFO - Applying migration <module 'sqlmesh.migrations.v0051_rename_column_descriptions' from '/Users/juan/Documents/uyv/sqlmesh-uyv/.venv/lib/python3.12/site-packages/sqlmesh/migrations/v0051_rename_column_descriptions.py'> (engine_adapter.py:1307)
2024-10-27 16:46:21,322 - MainThread - sqlmesh.core.state_sync.engine_adapter - INFO - Applying migration <module 'sqlmesh.migrations.v0052_add_normalize_name_in_environment_naming_info' from '/Users/juan/Documents/uyv/sqlmesh-uyv/.venv/lib/python3.12/site-packages/sqlmesh/migrations/v0052_add_normalize_name_in_environment_naming_info.py'> (engine_adapter.py:1307)
2024-10-27 16:46:21,325 - MainThread - sqlmesh.core.state_sync.engine_adapter - INFO - Applying migration <module 'sqlmesh.migrations.v0053_custom_model_kind_extra_attributes' from '/Users/juan/Documents/uyv/sqlmesh-uyv/.venv/lib/python3.12/site-packages/sqlmesh/migrations/v0053_custom_model_kind_extra_attributes.py'> (engine_adapter.py:1307)
2024-10-27 16:46:21,326 - MainThread - sqlmesh.core.state_sync.engine_adapter - INFO - Applying migration <module 'sqlmesh.migrations.v0054_fix_trailing_comments' from '/Users/juan/Documents/uyv/sqlmesh-uyv/.venv/lib/python3.12/site-packages/sqlmesh/migrations/v0054_fix_trailing_comments.py'> (engine_adapter.py:1307)
2024-10-27 16:46:21,326 - MainThread - sqlmesh.core.state_sync.engine_adapter - INFO - Applying migration <module 'sqlmesh.migrations.v0055_add_updated_ts_unpaused_ts_ttl_ms_unrestorable_to_snapshot' from '/Users/juan/Documents/uyv/sqlmesh-uyv/.venv/lib/python3.12/site-packages/sqlmesh/migrations/v0055_add_updated_ts_unpaused_ts_ttl_ms_unrestorable_to_snapshot.py'> (engine_adapter.py:1307)
2024-10-27 16:46:21,337 - MainThread - sqlmesh.core.state_sync.engine_adapter - INFO - Applying migration <module 'sqlmesh.migrations.v0056_restore_table_indexes' from '/Users/juan/Documents/uyv/sqlmesh-uyv/.venv/lib/python3.12/site-packages/sqlmesh/migrations/v0056_restore_table_indexes.py'> (engine_adapter.py:1307)
2024-10-27 16:46:21,337 - MainThread - sqlmesh.core.state_sync.engine_adapter - INFO - Applying migration <module 'sqlmesh.migrations.v0057_add_table_format' from '/Users/juan/Documents/uyv/sqlmesh-uyv/.venv/lib/python3.12/site-packages/sqlmesh/migrations/v0057_add_table_format.py'> (engine_adapter.py:1307)
2024-10-27 16:46:21,337 - MainThread - sqlmesh.core.state_sync.engine_adapter - INFO - Applying migration <module 'sqlmesh.migrations.v0058_add_requirements' from '/Users/juan/Documents/uyv/sqlmesh-uyv/.venv/lib/python3.12/site-packages/sqlmesh/migrations/v0058_add_requirements.py'> (engine_adapter.py:1307)
2024-10-27 16:46:21,339 - MainThread - sqlmesh.core.state_sync.engine_adapter - INFO - Fetching environments (engine_adapter.py:1313)
2024-10-27 16:46:21,340 - MainThread - sqlmesh.core.state_sync.engine_adapter - INFO - Migrating snapshot rows... (engine_adapter.py:1330)
2024-10-27 16:46:21,343 - MainThread - sqlmesh.core.state_sync.engine_adapter - INFO - No changes to snapshots detected (engine_adapter.py:1323)
2024-10-27 16:46:27,504 - MainThread - sqlmesh.core.snapshot.evaluator - INFO - Listing data objects in schema db.sqlmesh__sqlmesh_example (evaluator.py:273)
2024-10-27 16:46:27,505 - MainThread - sqlmesh.core.engine_adapter.base - INFO - Executing SQL: SELECT CURRENT_CATALOG() (base.py:2022)
2024-10-27 16:46:27,507 - MainThread - sqlmesh.core.engine_adapter.base - INFO - Executing SQL: SELECT CURRENT_CATALOG() (base.py:2022)
2024-10-27 16:46:27,511 - MainThread - sqlmesh.core.engine_adapter.base - INFO - Executing SQL: SELECT table_name AS name, table_schema AS schema, CASE table_type WHEN 'BASE TABLE' THEN 'table' WHEN 'VIEW' THEN 'view' WHEN 'LOCAL TEMPORARY' THEN 'table' END AS type FROM information_schema.tables WHERE (table_catalog = 'db' AND table_schema = 'sqlmesh__sqlmesh_example') AND table_name IN ('sqlmesh_example__seed_model__3637577337__temp', 'sqlmesh_example__seed_model__3637577337', 'sqlmesh_example__full_model__3438509882__temp', 'sqlmesh_example__incremental_model__888251848', 'sqlmesh_example__incremental_model__888251848__temp', 'sqlmesh_example__full_model__3438509882') (base.py:2022)
2024-10-27 16:46:27,545 - MainThread - sqlmesh.core.snapshot.evaluator - INFO - Creating schema 'db.sqlmesh__sqlmesh_example' (evaluator.py:898)
2024-10-27 16:46:27,546 - MainThread - sqlmesh.core.engine_adapter.base - INFO - Executing SQL: CREATE SCHEMA IF NOT EXISTS "db"."sqlmesh__sqlmesh_example" (base.py:2022)
2024-10-27 16:46:27,549 - MainThread - sqlmesh.core.snapshot.evaluator - INFO - Creating table 'db.sqlmesh__sqlmesh_example.sqlmesh_example__seed_model__3637577337' (evaluator.py:1188)
2024-10-27 16:46:27,550 - MainThread - sqlmesh.core.engine_adapter.base - INFO - Executing SQL: CREATE TABLE IF NOT EXISTS "db"."sqlmesh__sqlmesh_example"."sqlmesh_example__seed_model__3637577337" ("id" INT, "item_id" INT, "event_date" DATE) (base.py:2022)
2024-10-27 16:46:27,588 - MainThread - sqlmesh.core.engine_adapter.base - INFO - Executing SQL: CREATE OR REPLACE TABLE "db"."sqlmesh__sqlmesh_example"."sqlmesh_example__seed_model__3637577337" AS SELECT CAST("id" AS INT) AS "id", CAST("item_id" AS INT) AS "item_id", CAST("event_date" AS DATE) AS "event_date" FROM (SELECT "id", "item_id", "event_date" FROM "db"."sqlmesh__sqlmesh_example"."__temp_sqlmesh_example__seed_model__3637577337_ue5q6ae6") AS "_subquery" (base.py:2022)
2024-10-27 16:46:27,590 - MainThread - sqlmesh.core.engine_adapter.base - INFO - Executing SQL: DROP TABLE IF EXISTS "db"."sqlmesh__sqlmesh_example"."__temp_sqlmesh_example__seed_model__3637577337_ue5q6ae6" (base.py:2022)
2024-10-27 16:46:27,612 - MainThread - sqlmesh.core.snapshot.evaluator - INFO - Creating table 'db.sqlmesh__sqlmesh_example.sqlmesh_example__incremental_model__888251848' (evaluator.py:1188)
2024-10-27 16:46:27,613 - MainThread - sqlmesh.core.engine_adapter.base - INFO - Executing SQL: CREATE TABLE IF NOT EXISTS "db"."sqlmesh__sqlmesh_example"."sqlmesh_example__incremental_model__888251848" ("id" INT, "item_id" INT, "event_date" DATE) (base.py:2022)
2024-10-27 16:46:27,615 - MainThread - sqlmesh.core.snapshot.evaluator - INFO - Dry running model 'sqlmesh_example.incremental_model' (evaluator.py:1210)
2024-10-27 16:46:27,617 - MainThread - sqlmesh.core.engine_adapter.base - INFO - Executing SQL: SELECT "seed_model"."id" AS "id", "seed_model"."item_id" AS "item_id", "seed_model"."event_date" AS "event_date" FROM "db"."sqlmesh__sqlmesh_example"."sqlmesh_example__seed_model__3637577337" AS "seed_model" WHERE ("seed_model"."event_date" <= CAST('1970-01-01' AS DATE) AND "seed_model"."event_date" >= CAST('1970-01-01' AS DATE)) AND FALSE LIMIT 0 (base.py:2022)
2024-10-27 16:46:27,633 - MainThread - sqlmesh.core.snapshot.evaluator - INFO - Creating table 'db.sqlmesh__sqlmesh_example.sqlmesh_example__full_model__3438509882' (evaluator.py:1188)
2024-10-27 16:46:27,635 - MainThread - sqlmesh.core.engine_adapter.base - INFO - Executing SQL: CREATE TABLE IF NOT EXISTS "db"."sqlmesh__sqlmesh_example"."sqlmesh_example__full_model__3438509882" ("item_id" INT, "num_orders" BIGINT) (base.py:2022)
2024-10-27 16:46:27,636 - MainThread - sqlmesh.core.snapshot.evaluator - INFO - Dry running model 'sqlmesh_example.full_model' (evaluator.py:1210)
2024-10-27 16:46:27,637 - MainThread - sqlmesh.core.engine_adapter.base - INFO - Executing SQL: SELECT "incremental_model"."item_id" AS "item_id", COUNT(DISTINCT "incremental_model"."id") AS "num_orders" FROM "db"."sqlmesh__sqlmesh_example"."sqlmesh_example__incremental_model__888251848" AS "incremental_model" WHERE FALSE GROUP BY "incremental_model"."item_id" LIMIT 0 (base.py:2022)
2024-10-27 16:46:27,723 - MainThread - sqlmesh.core.state_sync.engine_adapter - INFO - Adding interval (1729900800000, 1729987200000) for snapshot SnapshotId<"db"."sqlmesh_example"."seed_model": 194554349> (engine_adapter.py:926)
2024-10-27 16:46:27,753 - MainThread - sqlmesh.core.snapshot.evaluator - INFO - Evaluating snapshot SnapshotId<"db"."sqlmesh_example"."incremental_model": 498112905> (evaluator.py:487)
2024-10-27 16:46:27,792 - MainThread - sqlmesh.core.snapshot.evaluator - INFO - Inserting batch (2020-01-01 00:00:00+00:00, 2024-10-27 00:00:00+00:00) into db.sqlmesh__sqlmesh_example.sqlmesh_example__incremental_model__888251848' (evaluator.py:517)
2024-10-27 16:46:27,795 - MainThread - sqlmesh.core.engine_adapter.base - INFO - Executing SQL: DELETE FROM "db"."sqlmesh__sqlmesh_example"."sqlmesh_example__incremental_model__888251848" WHERE "event_date" BETWEEN CAST('2020-01-01' AS DATE) AND CAST('2024-10-26' AS DATE) (base.py:2022)
2024-10-27 16:46:27,800 - MainThread - sqlmesh.core.engine_adapter.base - INFO - Executing SQL: INSERT INTO "db"."sqlmesh__sqlmesh_example"."sqlmesh_example__incremental_model__888251848" ("id", "item_id", "event_date") SELECT "id", "item_id", "event_date" FROM (SELECT "seed_model"."id" AS "id", "seed_model"."item_id" AS "item_id", "seed_model"."event_date" AS "event_date" FROM "db"."sqlmesh__sqlmesh_example"."sqlmesh_example__seed_model__3637577337" AS "seed_model" WHERE "seed_model"."event_date" <= CAST('2024-10-26' AS DATE) AND "seed_model"."event_date" >= CAST('2020-01-01' AS DATE)) AS "_subquery" WHERE "event_date" BETWEEN CAST('2020-01-01' AS DATE) AND CAST('2024-10-26' AS DATE) (base.py:2022)
2024-10-27 16:46:27,811 - MainThread - sqlmesh.core.state_sync.engine_adapter - INFO - Adding interval (1577836800000, 1729987200000) for snapshot SnapshotId<"db"."sqlmesh_example"."incremental_model": 498112905> (engine_adapter.py:926)
2024-10-27 16:46:27,831 - MainThread - sqlmesh.core.snapshot.evaluator - INFO - Evaluating snapshot SnapshotId<"db"."sqlmesh_example"."full_model": 967845188> (evaluator.py:487)
2024-10-27 16:46:27,844 - MainThread - sqlmesh.core.snapshot.evaluator - INFO - Inserting batch (2024-10-26 00:00:00+00:00, 2024-10-27 00:00:00+00:00) into db.sqlmesh__sqlmesh_example.sqlmesh_example__full_model__3438509882' (evaluator.py:517)
2024-10-27 16:46:27,846 - MainThread - sqlmesh.core.engine_adapter.base - INFO - Executing SQL: CREATE OR REPLACE TABLE "db"."sqlmesh__sqlmesh_example"."sqlmesh_example__full_model__3438509882" AS SELECT CAST("item_id" AS INT) AS "item_id", CAST("num_orders" AS BIGINT) AS "num_orders" FROM (SELECT "incremental_model"."item_id" AS "item_id", COUNT(DISTINCT "incremental_model"."id") AS "num_orders" FROM "db"."sqlmesh__sqlmesh_example"."sqlmesh_example__incremental_model__888251848" AS "incremental_model" GROUP BY "incremental_model"."item_id") AS "_subquery" (base.py:2022)
2024-10-27 16:46:27,853 - MainThread - sqlmesh.core.snapshot.evaluator - INFO - Auditing snapshot SnapshotId<"db"."sqlmesh_example"."full_model": 967845188> (evaluator.py:407)
2024-10-27 16:46:27,854 - MainThread - sqlmesh.core.engine_adapter.base - INFO - Executing SQL: DESCRIBE "db"."sqlmesh__sqlmesh_example"."sqlmesh_example__full_model__3438509882" (base.py:2022)
2024-10-27 16:46:27,863 - MainThread - sqlmesh.core.engine_adapter.base - INFO - Executing SQL: SELECT COUNT(*) FROM (SELECT * FROM (SELECT * FROM "db"."sqlmesh__sqlmesh_example"."sqlmesh_example__full_model__3438509882" AS "sqlmesh_example__full_model__3438509882") AS "_q_0" WHERE "item_id" < 0) AS "audit" (base.py:2022)
2024-10-27 16:46:27,865 - MainThread - sqlmesh.core.state_sync.engine_adapter - INFO - Adding interval (1729900800000, 1729987200000) for snapshot SnapshotId<"db"."sqlmesh_example"."full_model": 967845188> (engine_adapter.py:926)
2024-10-27 16:46:27,892 - MainThread - sqlmesh.core.state_sync.engine_adapter - INFO - Promoting environment 'prod' (engine_adapter.py:259)
2024-10-27 16:46:28,127 - MainThread - sqlmesh.core.state_sync.engine_adapter - INFO - Unpausing snapshot SnapshotId<"db"."sqlmesh_example"."seed_model": 194554349> (engine_adapter.py:428)
2024-10-27 16:46:28,128 - MainThread - sqlmesh.core.state_sync.engine_adapter - INFO - Unpausing snapshot SnapshotId<"db"."sqlmesh_example"."full_model": 967845188> (engine_adapter.py:428)
2024-10-27 16:46:28,129 - MainThread - sqlmesh.core.state_sync.engine_adapter - INFO - Unpausing snapshot SnapshotId<"db"."sqlmesh_example"."incremental_model": 498112905> (engine_adapter.py:428)
2024-10-27 16:46:28,142 - MainThread - sqlmesh.core.snapshot.evaluator - INFO - Creating schema 'db.sqlmesh_example' (evaluator.py:898)
2024-10-27 16:46:28,142 - MainThread - sqlmesh.core.engine_adapter.base - INFO - Executing SQL: CREATE SCHEMA IF NOT EXISTS "db"."sqlmesh_example" (base.py:2022)
2024-10-27 16:46:28,145 - MainThread - sqlmesh.core.snapshot.evaluator - INFO - Updating view 'db.sqlmesh_example.seed_model' to point at table 'db.sqlmesh__sqlmesh_example.sqlmesh_example__seed_model__3637577337' (evaluator.py:1154)
2024-10-27 16:46:28,146 - MainThread - sqlmesh.core.engine_adapter.base - INFO - Executing SQL: CREATE OR REPLACE VIEW "db"."sqlmesh_example"."seed_model" AS SELECT * FROM "db"."sqlmesh__sqlmesh_example"."sqlmesh_example__seed_model__3637577337" (base.py:2022)
2024-10-27 16:46:28,153 - MainThread - sqlmesh.core.snapshot.evaluator - INFO - Updating view 'db.sqlmesh_example.incremental_model' to point at table 'db.sqlmesh__sqlmesh_example.sqlmesh_example__incremental_model__888251848' (evaluator.py:1154)
2024-10-27 16:46:28,154 - MainThread - sqlmesh.core.engine_adapter.base - INFO - Executing SQL: CREATE OR REPLACE VIEW "db"."sqlmesh_example"."incremental_model" AS SELECT * FROM "db"."sqlmesh__sqlmesh_example"."sqlmesh_example__incremental_model__888251848" (base.py:2022)
2024-10-27 16:46:28,158 - MainThread - sqlmesh.core.snapshot.evaluator - INFO - Updating view 'db.sqlmesh_example.full_model' to point at table 'db.sqlmesh__sqlmesh_example.sqlmesh_example__full_model__3438509882' (evaluator.py:1154)
2024-10-27 16:46:28,159 - MainThread - sqlmesh.core.engine_adapter.base - INFO - Executing SQL: CREATE OR REPLACE VIEW "db"."sqlmesh_example"."full_model" AS SELECT * FROM "db"."sqlmesh__sqlmesh_example"."sqlmesh_example__full_model__3438509882" (base.py:2022)
2024-10-27 16:46:28,164 - MainThread - sqlmesh.core.state_sync.engine_adapter - INFO - Finalizing environment 'prod' (engine_adapter.py:380)
2024-10-27 16:46:28,257 - MainThread - root - INFO - Shutting down the event dispatcher (dispatcher.py:159)
